<?xml version="1.0" encoding="UTF-8"?>
<!-- Generated by org.testng.reporters.JUnitReportReporter -->
<testsuite skipped="0" hostname="DESKTOP-L2O0OSU" name="Test1" tests="1" failures="0" timestamp="29 Oct 2019 09:12:46 GMT" time="8.423" errors="0">
  <testcase name="test" time="8.423" classname="Test1"/>
</testsuite> <!-- Test1 -->
