<?xml version="1.0" encoding="UTF-8"?>
<!-- Generated by org.testng.reporters.JUnitReportReporter -->
<testsuite skipped="0" hostname="DESKTOP-L2O0OSU" name="Test1" tests="1" failures="0" timestamp="26 Oct 2019 16:55:18 GMT" time="0.569" errors="0">
  <testcase name="test" time="0.569" classname="Test1"/>
</testsuite> <!-- Test1 -->
